0 info it worked if it ends with ok
1 verbose cli [ 'node', '/usr/local/bin/npm', 'install', 'jasmine-node', '-g' ]
2 info using npm@1.4.28
3 info using node@v0.10.32
4 verbose cache add [ 'jasmine-node', null ]
5 verbose cache add name=undefined spec="jasmine-node" args=["jasmine-node",null]
6 verbose parsed url { protocol: null,
6 verbose parsed url   slashes: null,
6 verbose parsed url   auth: null,
6 verbose parsed url   host: null,
6 verbose parsed url   port: null,
6 verbose parsed url   hostname: null,
6 verbose parsed url   hash: null,
6 verbose parsed url   search: null,
6 verbose parsed url   query: null,
6 verbose parsed url   pathname: 'jasmine-node',
6 verbose parsed url   path: 'jasmine-node',
6 verbose parsed url   href: 'jasmine-node' }
7 silly lockFile bba04ce4-jasmine-node jasmine-node
8 verbose lock jasmine-node /Users/weslleyaraujo/.npm/bba04ce4-jasmine-node.lock
9 silly lockFile bba04ce4-jasmine-node jasmine-node
10 silly lockFile bba04ce4-jasmine-node jasmine-node
11 verbose addNamed [ 'jasmine-node', '' ]
12 verbose addNamed [ null, '*' ]
13 silly lockFile b74de4f8-jasmine-node jasmine-node@
14 verbose lock jasmine-node@ /Users/weslleyaraujo/.npm/b74de4f8-jasmine-node.lock
15 silly addNameRange { name: 'jasmine-node', range: '*', hasData: false }
16 verbose request where is /jasmine-node
17 verbose request registry https://registry.npmjs.org/
18 verbose request id a7386a2e5523c6fa
19 verbose url raw /jasmine-node
20 verbose url resolving [ 'https://registry.npmjs.org/', './jasmine-node' ]
21 verbose url resolved https://registry.npmjs.org/jasmine-node
22 verbose request where is https://registry.npmjs.org/jasmine-node
23 info trying registry request attempt 1 at 10:46:20
24 http GET https://registry.npmjs.org/jasmine-node
25 http 200 https://registry.npmjs.org/jasmine-node
26 silly registry.get cb [ 200,
26 silly registry.get   { date: 'Wed, 22 Oct 2014 14:46:21 GMT',
26 silly registry.get     server: 'CouchDB/1.5.0 (Erlang OTP/R16B03)',
26 silly registry.get     etag: '"2J7W90BYO2DLN7YAAMBP95XYG"',
26 silly registry.get     'content-type': 'application/json',
26 silly registry.get     'cache-control': 'max-age=60',
26 silly registry.get     'content-length': '96022',
26 silly registry.get     'accept-ranges': 'bytes',
26 silly registry.get     via: '1.1 varnish',
26 silly registry.get     age: '0',
26 silly registry.get     'x-served-by': 'cache-atl6232-ATL',
26 silly registry.get     'x-cache': 'HIT',
26 silly registry.get     'x-cache-hits': '1',
26 silly registry.get     'x-timer': 'S1413989181.269455,VS0,VE74',
26 silly registry.get     vary: 'Accept',
26 silly registry.get     'keep-alive': 'timeout=10, max=50',
26 silly registry.get     connection: 'Keep-Alive' } ]
27 silly addNameRange number 2 { name: 'jasmine-node', range: '*', hasData: true }
28 silly addNameRange versions [ 'jasmine-node',
28 silly addNameRange   [ '1.0.1',
28 silly addNameRange     '1.0.2',
28 silly addNameRange     '1.0.3',
28 silly addNameRange     '1.0.4',
28 silly addNameRange     '1.0.5',
28 silly addNameRange     '1.0.6',
28 silly addNameRange     '1.0.7',
28 silly addNameRange     '1.0.8',
28 silly addNameRange     '1.0.9',
28 silly addNameRange     '1.0.10',
28 silly addNameRange     '1.0.11',
28 silly addNameRange     '1.0.12',
28 silly addNameRange     '1.0.13',
28 silly addNameRange     '1.0.15',
28 silly addNameRange     '1.0.16',
28 silly addNameRange     '1.0.17',
28 silly addNameRange     '1.0.18',
28 silly addNameRange     '1.0.19',
28 silly addNameRange     '1.0.20',
28 silly addNameRange     '1.0.21',
28 silly addNameRange     '1.0.22',
28 silly addNameRange     '1.0.23',
28 silly addNameRange     '1.0.24',
28 silly addNameRange     '1.0.25',
28 silly addNameRange     '1.0.26',
28 silly addNameRange     '1.0.27',
28 silly addNameRange     '1.0.28',
28 silly addNameRange     '1.1.0',
28 silly addNameRange     '1.2.0',
28 silly addNameRange     '1.2.1',
28 silly addNameRange     '1.2.2',
28 silly addNameRange     '1.2.3',
28 silly addNameRange     '1.3.0',
28 silly addNameRange     '1.3.1',
28 silly addNameRange     '1.4.0',
28 silly addNameRange     '1.5.0',
28 silly addNameRange     '1.6.0',
28 silly addNameRange     '1.7.0',
28 silly addNameRange     '1.7.1',
28 silly addNameRange     '1.8.0',
28 silly addNameRange     '1.8.1',
28 silly addNameRange     '1.9.0',
28 silly addNameRange     '1.9.1',
28 silly addNameRange     '1.10.0',
28 silly addNameRange     '1.10.1',
28 silly addNameRange     '1.10.2',
28 silly addNameRange     '1.11.0',
28 silly addNameRange     '1.12.0',
28 silly addNameRange     '1.12.1',
28 silly addNameRange     '1.13.0',
28 silly addNameRange     '1.13.1',
28 silly addNameRange     '1.14.0',
28 silly addNameRange     '1.14.1',
28 silly addNameRange     '2.0.0',
28 silly addNameRange     '1.14.2',
28 silly addNameRange     '2.0.0-beta1',
28 silly addNameRange     '2.0.0-beta2',
28 silly addNameRange     '2.0.0-beta3',
28 silly addNameRange     '1.14.3',
28 silly addNameRange     '2.0.0-beta4',
28 silly addNameRange     '1.14.4',
28 silly addNameRange     '1.14.5',
28 silly addNameRange     '1.0.0-rc1',
28 silly addNameRange     '1.0.0-rc2',
28 silly addNameRange     '1.0.0-rc3' ] ]
29 verbose addNamed [ 'jasmine-node', '1.14.5' ]
30 verbose addNamed [ '1.14.5', '1.14.5' ]
31 silly lockFile 3c9ba918-jasmine-node-1-14-5 jasmine-node@1.14.5
32 verbose lock jasmine-node@1.14.5 /Users/weslleyaraujo/.npm/3c9ba918-jasmine-node-1-14-5.lock
33 silly lockFile d0ec6374-ine-node-jasmine-node-1-14-5-tgz https://registry.npmjs.org/jasmine-node/-/jasmine-node-1.14.5.tgz
34 verbose lock https://registry.npmjs.org/jasmine-node/-/jasmine-node-1.14.5.tgz /Users/weslleyaraujo/.npm/d0ec6374-ine-node-jasmine-node-1-14-5-tgz.lock
35 verbose addRemoteTarball [ 'https://registry.npmjs.org/jasmine-node/-/jasmine-node-1.14.5.tgz',
35 verbose addRemoteTarball   '18e8397b856924ee77003666c3731b5aea50c39d' ]
36 info retry fetch attempt 1 at 10:46:21
37 verbose fetch to= /var/folders/pc/pzwgfq157w19h5_8_r6kb9700000gn/T/npm-2800-FW9btD2o/registry.npmjs.org/jasmine-node/-/jasmine-node-1.14.5.tgz
38 http GET https://registry.npmjs.org/jasmine-node/-/jasmine-node-1.14.5.tgz
39 http 200 https://registry.npmjs.org/jasmine-node/-/jasmine-node-1.14.5.tgz
40 silly lockFile d0ec6374-ine-node-jasmine-node-1-14-5-tgz https://registry.npmjs.org/jasmine-node/-/jasmine-node-1.14.5.tgz
41 silly lockFile d0ec6374-ine-node-jasmine-node-1-14-5-tgz https://registry.npmjs.org/jasmine-node/-/jasmine-node-1.14.5.tgz
42 silly lockFile 3c9ba918-jasmine-node-1-14-5 jasmine-node@1.14.5
43 silly lockFile 3c9ba918-jasmine-node-1-14-5 jasmine-node@1.14.5
44 silly lockFile b74de4f8-jasmine-node jasmine-node@
45 silly lockFile b74de4f8-jasmine-node jasmine-node@
46 silly resolved [ { name: 'jasmine-node',
46 silly resolved     version: '1.14.5',
46 silly resolved     description: 'DOM-less simple JavaScript BDD testing framework for Node',
46 silly resolved     contributors: [ [Object] ],
46 silly resolved     homepage: 'https://github.com/mhevery/jasmine-node',
46 silly resolved     repository:
46 silly resolved      { type: 'git',
46 silly resolved        url: 'https://github.com/mhevery/jasmine-node.git' },
46 silly resolved     keywords: [ 'testing', 'bdd' ],
46 silly resolved     author: { name: 'Misko Hevery', email: 'misko@hevery.com' },
46 silly resolved     maintainers: [ [Object], [Object] ],
46 silly resolved     licenses: [ 'MIT' ],
46 silly resolved     dependencies:
46 silly resolved      { 'coffee-script': '>=1.0.1',
46 silly resolved        'jasmine-reporters': '~1.0.0',
46 silly resolved        'jasmine-growl-reporter': '~0.0.2',
46 silly resolved        requirejs: '>=0.27.1',
46 silly resolved        walkdir: '>= 0.0.1',
46 silly resolved        underscore: '>= 1.3.1',
46 silly resolved        gaze: '~0.3.2',
46 silly resolved        mkdirp: '~0.3.5' },
46 silly resolved     bin: { 'jasmine-node': 'bin/jasmine-node' },
46 silly resolved     preferGlobal: true,
46 silly resolved     main: 'lib/jasmine-node',
46 silly resolved     scripts: { test: 'node lib/jasmine-node/cli.js spec' },
46 silly resolved     devDependencies: {},
46 silly resolved     bugs: { url: 'https://github.com/mhevery/jasmine-node/issues' },
46 silly resolved     _id: 'jasmine-node@1.14.5',
46 silly resolved     _shasum: '18e8397b856924ee77003666c3731b5aea50c39d',
46 silly resolved     _from: 'jasmine-node@',
46 silly resolved     _npmVersion: '1.4.9',
46 silly resolved     _npmUser: { name: 'tebriel', email: 'tebriel@gmail.com' },
46 silly resolved     dist:
46 silly resolved      { shasum: '18e8397b856924ee77003666c3731b5aea50c39d',
46 silly resolved        tarball: 'http://registry.npmjs.org/jasmine-node/-/jasmine-node-1.14.5.tgz' },
46 silly resolved     directories: {},
46 silly resolved     _resolved: 'https://registry.npmjs.org/jasmine-node/-/jasmine-node-1.14.5.tgz' } ]
47 info install jasmine-node@1.14.5 into /usr/local/lib
48 info installOne jasmine-node@1.14.5
49 verbose lib/node_modules/jasmine-node unbuild
50 verbose tar unpack /Users/weslleyaraujo/.npm/jasmine-node/1.14.5/package.tgz
51 silly lockFile 5aad16db-al-lib-node-modules-jasmine-node tar:///usr/local/lib/node_modules/jasmine-node
52 verbose lock tar:///usr/local/lib/node_modules/jasmine-node /Users/weslleyaraujo/.npm/5aad16db-al-lib-node-modules-jasmine-node.lock
53 silly lockFile 161f82a1--jasmine-node-1-14-5-package-tgz tar:///Users/weslleyaraujo/.npm/jasmine-node/1.14.5/package.tgz
54 verbose lock tar:///Users/weslleyaraujo/.npm/jasmine-node/1.14.5/package.tgz /Users/weslleyaraujo/.npm/161f82a1--jasmine-node-1-14-5-package-tgz.lock
55 silly gunzTarPerm modes [ '755', '644' ]
56 error Error: EACCES, mkdir '/usr/local/lib/node_modules/jasmine-node'
56 error  { [Error: EACCES, mkdir '/usr/local/lib/node_modules/jasmine-node']
56 error   errno: 3,
56 error   code: 'EACCES',
56 error   path: '/usr/local/lib/node_modules/jasmine-node',
56 error   fstream_type: 'Directory',
56 error   fstream_path: '/usr/local/lib/node_modules/jasmine-node',
56 error   fstream_class: 'DirWriter',
56 error   fstream_stack:
56 error    [ '/usr/local/lib/node_modules/npm/node_modules/fstream/lib/dir-writer.js:36:23',
56 error      '/usr/local/lib/node_modules/npm/node_modules/mkdirp/index.js:46:53',
56 error      'Object.oncomplete (fs.js:107:15)' ] }
57 error Please try running this command again as root/Administrator.
58 error System Darwin 13.3.0
59 error command "node" "/usr/local/bin/npm" "install" "jasmine-node" "-g"
60 error cwd /Users/weslleyaraujo/exercism/javascript
61 error node -v v0.10.32
62 error npm -v 1.4.28
63 error path /usr/local/lib/node_modules/jasmine-node
64 error fstream_path /usr/local/lib/node_modules/jasmine-node
65 error fstream_type Directory
66 error fstream_class DirWriter
67 error code EACCES
68 error errno 3
69 error stack Error: EACCES, mkdir '/usr/local/lib/node_modules/jasmine-node'
70 error fstream_stack /usr/local/lib/node_modules/npm/node_modules/fstream/lib/dir-writer.js:36:23
70 error fstream_stack /usr/local/lib/node_modules/npm/node_modules/mkdirp/index.js:46:53
70 error fstream_stack Object.oncomplete (fs.js:107:15)
71 verbose exit [ 3, true ]
